<?xml version="1.0" encoding="UTF-8"?>
<!-- Generated by org.testng.reporters.JUnitReportReporter -->
<testsuite hostname="TYSS-Prem" failures="0" tests="1" name="System.Tc_001_Test" time="23.177" errors="0" timestamp="2024-02-13T14:32:34 IST" skipped="0">
  <testcase classname="System.Tc_001_Test" name="a" time="23.177"/>
  <system-out/>
</testsuite> <!-- System.Tc_001_Test -->
