<?xml version="1.0" encoding="UTF-8"?>
<!-- Generated by org.testng.reporters.JUnitReportReporter -->
<testsuite hostname="TYSS-Prem" failures="0" tests="1" name="Intigration.Tc_car_002_Test" time="4.192" errors="0" timestamp="2024-02-13T14:32:35 IST" skipped="0">
  <testcase classname="Intigration.Tc_car_002_Test" name="landrover" time="4.192"/>
  <system-out/>
</testsuite> <!-- Intigration.Tc_car_002_Test -->
