<?xml version="1.0" encoding="UTF-8"?>
<!-- Generated by org.testng.reporters.JUnitReportReporter -->
<testsuite hostname="TYSS-Prem" failures="0" tests="1" name="System.Tc_002_Test" time="3.563" errors="0" timestamp="2024-02-13T14:32:35 IST" skipped="0">
  <testcase classname="System.Tc_002_Test" name="b" time="3.563"/>
  <system-out/>
</testsuite> <!-- System.Tc_002_Test -->
