<?xml version="1.0" encoding="UTF-8"?>
<!-- Generated by org.testng.reporters.JUnitReportReporter -->
<testsuite hostname="TYSS-Prem" failures="0" tests="1" name="Intigration.TC_car_003_Test" time="32.633" errors="0" timestamp="2024-02-13T14:32:35 IST" skipped="0">
  <testcase classname="Intigration.TC_car_003_Test" name="landrover" time="32.633"/>
  <system-out/>
</testsuite> <!-- Intigration.TC_car_003_Test -->
