<?xml version="1.0" encoding="UTF-8"?>
<!-- Generated by org.testng.reporters.JUnitReportReporter -->
<testsuite hostname="TYSS-Prem" failures="0" tests="1" name="System.TC003_Test" time="1.278" errors="0" timestamp="2024-02-13T14:32:35 IST" skipped="0">
  <testcase classname="System.TC003_Test" name="b" time="1.278"/>
  <system-out/>
</testsuite> <!-- System.TC003_Test -->
