<?xml version="1.0" encoding="UTF-8"?>
<!-- Generated by org.testng.reporters.JUnitReportReporter -->
<testsuite hostname="TYSS-Prem" failures="0" tests="1" name="System.TC004_Test" time="3.092" errors="0" timestamp="2024-02-13T14:32:35 IST" skipped="0">
  <testcase classname="System.TC004_Test" name="b" time="3.092"/>
  <system-out/>
</testsuite> <!-- System.TC004_Test -->
