<?xml version="1.0" encoding="UTF-8"?>
<!-- Generated by org.testng.reporters.JUnitReportReporter -->
<testsuite hostname="TYSS-Prem" failures="0" tests="1" name="cart.TC_001_Test" time="2.959" errors="0" timestamp="2024-02-12T21:41:06 IST" skipped="0">
  <testcase classname="cart.TC_001_Test" name="launchingProject" time="2.959"/>
  <system-out/>
</testsuite> <!-- cart.TC_001_Test -->
